<?xml version="1.0" encoding="UTF-8"?>
<!-- Generated by org.testng.reporters.JUnitReportReporter -->
<testsuite hostname="ClassRoom-204" failures="0" tests="1" name="generic.Get_date" time="0.023" errors="0" timestamp="2025-06-21T11:09:39 IST" skipped="0">
  <testcase classname="generic.Get_date" name="currentDate" time="0.023"/>
</testsuite> <!-- generic.Get_date -->
