<?xml version="1.0" encoding="UTF-8"?>
<!-- Generated by org.testng.reporters.JUnitReportReporter -->
<testsuite hostname="ClassRoom-204" failures="0" tests="3" name="HRMOrange.testExecution.TestCase_01" time="16.834" errors="0" timestamp="2025-06-21T12:11:17 IST" skipped="0">
  <testcase classname="HRMOrange.testExecution.TestCase_01" name="testC_01" time="5.355"/>
  <testcase classname="HRMOrange.testExecution.TestCase_01" name="testC_01" time="6.161"/>
  <testcase classname="HRMOrange.testExecution.TestCase_01" name="testC_01" time="5.318"/>
</testsuite> <!-- HRMOrange.testExecution.TestCase_01 -->
