<?xml version="1.0" encoding="UTF-8"?>
<!-- Generated by org.testng.reporters.JUnitReportReporter -->
<testsuite hostname="ClassRoom-204" failures="0" tests="1" name="HRMOrange.generic.BasePage" time="7.625" errors="0" timestamp="2025-06-14T11:14:48 IST" skipped="0">
  <testcase classname="HRMOrange.generic.BasePage" name="tc" time="7.625"/>
</testsuite> <!-- HRMOrange.generic.BasePage -->
